Using pre-set license
Built from '2020.3/staging' branch; Version is '2020.3.4f1 (0abb6314276a) revision 703331'; Using compiler version '192528614'; Build Type 'Release'
OS: 'Windows 10 Home Single Language; OS build 18363.1440; Version 1909; 64bit' Language: 'ru' Physical Memory: 3959 MB
BatchMode: 1, IsHumanControllingUs: 0, StartBugReporterOnCrash: 0, Is64bit: 1, IsPro: 0

 COMMAND LINE ARGUMENTS:
C:\Program Files\Unity\Editor\Unity.exe
-adb2
-batchMode
-noUpm
-name
AssetImportWorker0
-projectPath
C:/Users/Kiberone/Documents/TF5S/TowerBattlesUnity
-logFile
Logs/AssetImportWorker0.log
-srvPort
59838
Successfully changed project path to: C:/Users/Kiberone/Documents/TF5S/TowerBattlesUnity
C:/Users/Kiberone/Documents/TF5S/TowerBattlesUnity
Using Asset Import Pipeline V2.
Refreshing native plugins compatible for Editor in 128.22 ms, found 1 plugins.
Preloading 0 native plugins for Editor in 0.00 ms.
Initialize engine version: 2020.3.4f1 (0abb6314276a)
[Subsystems] Discovering subsystems at path C:/Program Files/Unity/Editor/Data/Resources/UnitySubsystems
[Subsystems] Discovering subsystems at path C:/Users/Kiberone/Documents/TF5S/TowerBattlesUnity/Assets
GfxDevice: creating device client; threaded=0
Direct3D:
    Version:  Direct3D 11.0 [level 11.1]
    Renderer: Intel(R) HD Graphics 505 (ID=0x5a84)
    Vendor:   
    VRAM:     1979 MB
    Driver:   27.20.100.8682
Initialize mono
Mono path[0] = 'C:/Program Files/Unity/Editor/Data/Managed'
Mono path[1] = 'C:/Program Files/Unity/Editor/Data/MonoBleedingEdge/lib/mono/unityjit'
Mono config path = 'C:/Program Files/Unity/Editor/Data/MonoBleedingEdge/etc'
Using monoOptions --debugger-agent=transport=dt_socket,embedding=1,server=y,suspend=n,address=127.0.0.1:56808
Begin MonoManager ReloadAssembly
Registering precompiled unity dll's ...
Register platform support module: C:/Program Files/Unity/Editor/Data/PlaybackEngines/WindowsStandaloneSupport/UnityEditor.WindowsStandalone.Extensions.dll
Registered in 0.007176 seconds.
Native extension for WindowsStandalone target not found
Refreshing native plugins compatible for Editor in 157.82 ms, found 1 plugins.
Preloading 0 native plugins for Editor in 0.00 ms.
Mono: successfully reloaded assembly
- Completed reload, in  7.396 seconds
Platform modules already initialized, skipping
Registering precompiled user dll's ...
Registered in 0.004207 seconds.
Begin MonoManager ReloadAssembly
Native extension for WindowsStandalone target not found
Refreshing native plugins compatible for Editor in 154.59 ms, found 1 plugins.
Preloading 0 native plugins for Editor in 0.00 ms.
Mono: successfully reloaded assembly
- Completed reload, in  5.334 seconds
Platform modules already initialized, skipping
========================================================================
Worker process is ready to serve import requests
Launched and connected shader compiler UnityShaderCompiler.exe after 0.44 seconds
Refreshing native plugins compatible for Editor in 1.18 ms, found 1 plugins.
Preloading 0 native plugins for Editor in 0.00 ms.
Unloading 1812 Unused Serialized files (Serialized files now loaded: 0)
System memory in use before: 85.1 MB.
System memory in use after: 85.0 MB.

Unloading 24 unused Assets to reduce memory usage. Loaded Objects now: 2256.
Total: 8.336400 ms (FindLiveObjects: 0.934800 ms CreateObjectMapping: 0.434600 ms MarkObjects: 6.610500 ms  DeleteObjects: 0.351400 ms)

========================================================================
Received Import Request.
  path: Assets/Scripts/EnemyBat.cs
  artifactKey: Guid(f6a882580906c40448d1ef2d808ad05e) Importer(815301076,1909f56bfc062723c751e8b465ee728b)
Start importing Assets/Scripts/EnemyBat.cs using Guid(f6a882580906c40448d1ef2d808ad05e) Importer(815301076,1909f56bfc062723c751e8b465ee728b)  -> (artifact id: 'bde4fae8c2575f6b97be605e81d2c598') in 0.451638 seconds
  Import took 0.621598 seconds .

========================================================================
Received Prepare
Registering precompiled user dll's ...
Registered in 0.004267 seconds.
Begin MonoManager ReloadAssembly
Native extension for WindowsStandalone target not found
Refreshing native plugins compatible for Editor in 1.26 ms, found 1 plugins.
Preloading 0 native plugins for Editor in 0.00 ms.
Mono: successfully reloaded assembly
- Completed reload, in  3.387 seconds
Platform modules already initialized, skipping
Refreshing native plugins compatible for Editor in 1.30 ms, found 1 plugins.
Preloading 0 native plugins for Editor in 0.00 ms.
Unloading 1807 Unused Serialized files (Serialized files now loaded: 0)
System memory in use before: 85.0 MB.
System memory in use after: 85.0 MB.

Unloading 12 unused Assets to reduce memory usage. Loaded Objects now: 2260.
Total: 29.017400 ms (FindLiveObjects: 0.772600 ms CreateObjectMapping: 0.269300 ms MarkObjects: 21.184200 ms  DeleteObjects: 6.785900 ms)

========================================================================
Received Prepare
Registering precompiled user dll's ...
Registered in 0.014104 seconds.
Begin MonoManager ReloadAssembly
Native extension for WindowsStandalone target not found
Refreshing native plugins compatible for Editor in 1.29 ms, found 1 plugins.
Preloading 0 native plugins for Editor in 0.00 ms.
Mono: successfully reloaded assembly
- Completed reload, in  2.705 seconds
Platform modules already initialized, skipping
Refreshing native plugins compatible for Editor in 1.23 ms, found 1 plugins.
Preloading 0 native plugins for Editor in 0.00 ms.
Unloading 1807 Unused Serialized files (Serialized files now loaded: 0)
System memory in use before: 85.1 MB.
System memory in use after: 85.0 MB.

Unloading 12 unused Assets to reduce memory usage. Loaded Objects now: 2264.
Total: 6.831500 ms (FindLiveObjects: 0.782600 ms CreateObjectMapping: 0.205200 ms MarkObjects: 5.536600 ms  DeleteObjects: 0.302900 ms)

========================================================================
Received Import Request.
  Time since last request: 350.350165 seconds.
  path: Assets/Images/Animations/Damage/1_enemies_1_HURT_009.png
  artifactKey: Guid(3f8d262fd30d3b44caa3ca55cef33799) Importer(815301076,1909f56bfc062723c751e8b465ee728b)
Start importing Assets/Images/Animations/Damage/1_enemies_1_HURT_009.png using Guid(3f8d262fd30d3b44caa3ca55cef33799) Importer(815301076,1909f56bfc062723c751e8b465ee728b)  -> (artifact id: '72f0eecee2ee7d94856979c93877d8aa') in 0.894120 seconds
  Import took 0.931350 seconds .

========================================================================
Received Import Request.
  Time since last request: 355.569952 seconds.
  path: Assets/Images/Animations/Damage/1_enemies_1_HURT_001.png
  artifactKey: Guid(13bb0d890e72f5f4eaf18866d5f3af79) Importer(815301076,1909f56bfc062723c751e8b465ee728b)
Start importing Assets/Images/Animations/Damage/1_enemies_1_HURT_001.png using Guid(13bb0d890e72f5f4eaf18866d5f3af79) Importer(815301076,1909f56bfc062723c751e8b465ee728b)  -> (artifact id: '94cc48ed6f817b5ada46ca59f9095fa5') in 0.202922 seconds
  Import took 0.237720 seconds .

========================================================================
Received Import Request.
  Time since last request: 0.001414 seconds.
  path: Assets/Images/Animations/Damage/1_enemies_1_HURT_002.png
  artifactKey: Guid(3ed63404a6591cc41a4227dc3d1b9017) Importer(815301076,1909f56bfc062723c751e8b465ee728b)
Start importing Assets/Images/Animations/Damage/1_enemies_1_HURT_002.png using Guid(3ed63404a6591cc41a4227dc3d1b9017) Importer(815301076,1909f56bfc062723c751e8b465ee728b)  -> (artifact id: '006a7177ba47f22a746e74a56bfd24df') in 0.073629 seconds
  Import took 0.094282 seconds .

========================================================================
Received Import Request.
  Time since last request: 0.000651 seconds.
  path: Assets/Images/Animations/Damage/1_enemies_1_HURT_001.png
  artifactKey: Guid(13bb0d890e72f5f4eaf18866d5f3af79) Importer(815301076,1909f56bfc062723c751e8b465ee728b)
Start importing Assets/Images/Animations/Damage/1_enemies_1_HURT_001.png using Guid(13bb0d890e72f5f4eaf18866d5f3af79) Importer(815301076,1909f56bfc062723c751e8b465ee728b)  -> (artifact id: '94cc48ed6f817b5ada46ca59f9095fa5') in 0.058023 seconds
  Import took 0.065505 seconds .

========================================================================
Received Import Request.
  Time since last request: 0.000709 seconds.
  path: Assets/Images/Animations/Damage/1_enemies_1_HURT_002.png
  artifactKey: Guid(3ed63404a6591cc41a4227dc3d1b9017) Importer(815301076,1909f56bfc062723c751e8b465ee728b)
Start importing Assets/Images/Animations/Damage/1_enemies_1_HURT_002.png using Guid(3ed63404a6591cc41a4227dc3d1b9017) Importer(815301076,1909f56bfc062723c751e8b465ee728b)  -> (artifact id: '006a7177ba47f22a746e74a56bfd24df') in 0.055752 seconds
  Import took 0.064206 seconds .

========================================================================
Received Prepare
Registering precompiled user dll's ...
Registered in 0.004308 seconds.
Begin MonoManager ReloadAssembly
Native extension for WindowsStandalone target not found
Refreshing native plugins compatible for Editor in 1.30 ms, found 1 plugins.
Preloading 0 native plugins for Editor in 0.00 ms.
Mono: successfully reloaded assembly
- Completed reload, in  2.759 seconds
Platform modules already initialized, skipping
Refreshing native plugins compatible for Editor in 1.21 ms, found 1 plugins.
Preloading 0 native plugins for Editor in 0.00 ms.
Unloading 1807 Unused Serialized files (Serialized files now loaded: 0)
System memory in use before: 88.2 MB.
System memory in use after: 88.1 MB.

Unloading 12 unused Assets to reduce memory usage. Loaded Objects now: 2274.
Total: 7.657800 ms (FindLiveObjects: 1.293900 ms CreateObjectMapping: 0.409800 ms MarkObjects: 5.621000 ms  DeleteObjects: 0.328100 ms)

========================================================================
Received Prepare
Registering precompiled user dll's ...
Registered in 0.005352 seconds.
Begin MonoManager ReloadAssembly
Native extension for WindowsStandalone target not found
Refreshing native plugins compatible for Editor in 1.28 ms, found 1 plugins.
Preloading 0 native plugins for Editor in 0.00 ms.
Mono: successfully reloaded assembly
- Completed reload, in  2.768 seconds
Platform modules already initialized, skipping
Refreshing native plugins compatible for Editor in 1.28 ms, found 1 plugins.
Preloading 0 native plugins for Editor in 0.00 ms.
Unloading 1807 Unused Serialized files (Serialized files now loaded: 0)
System memory in use before: 88.2 MB.
System memory in use after: 88.1 MB.

Unloading 12 unused Assets to reduce memory usage. Loaded Objects now: 2278.
Total: 6.596400 ms (FindLiveObjects: 0.892200 ms CreateObjectMapping: 0.237500 ms MarkObjects: 5.145000 ms  DeleteObjects: 0.316000 ms)

========================================================================
Received Import Request.
  Time since last request: 835.598851 seconds.
  path: Packages/com.unity.2d.spriteshape/Editor/ObjectMenuCreation/DefaultAssets/Sprite Shapes/Closed Sprite Shape.prefab
  artifactKey: Guid(c0583b4e855c74b8c82e7b9b5efb5ce9) Importer(815301076,1909f56bfc062723c751e8b465ee728b)
Start importing Packages/com.unity.2d.spriteshape/Editor/ObjectMenuCreation/DefaultAssets/Sprite Shapes/Closed Sprite Shape.prefab using Guid(c0583b4e855c74b8c82e7b9b5efb5ce9) Importer(815301076,1909f56bfc062723c751e8b465ee728b)  -> (artifact id: '4c0850c6ba4f5606e2515265b139754d') in 0.306067 seconds
  Import took 0.314819 seconds .

========================================================================
Received Import Request.
  Time since last request: 0.000783 seconds.
  path: Packages/com.unity.2d.spriteshape/Editor/ObjectMenuCreation/DefaultAssets/Sprite Shapes/Open Sprite Shape.prefab
  artifactKey: Guid(86ae7de409eb54f619fb1328e4d42480) Importer(815301076,1909f56bfc062723c751e8b465ee728b)
Start importing Packages/com.unity.2d.spriteshape/Editor/ObjectMenuCreation/DefaultAssets/Sprite Shapes/Open Sprite Shape.prefab using Guid(86ae7de409eb54f619fb1328e4d42480) Importer(815301076,1909f56bfc062723c751e8b465ee728b)  -> (artifact id: '6cf2b7927b2bd8d826e045191b0c9a79') in 0.043136 seconds
  Import took 0.060019 seconds .

========================================================================
Received Import Request.
  Time since last request: 289.917306 seconds.
  path: Assets/Images/Animations/Die/1_enemies_1_DIE_000.png
  artifactKey: Guid(7df1658499ab2a54d85f20e9d3c305e5) Importer(815301076,1909f56bfc062723c751e8b465ee728b)
Start importing Assets/Images/Animations/Die/1_enemies_1_DIE_000.png using Guid(7df1658499ab2a54d85f20e9d3c305e5) Importer(815301076,1909f56bfc062723c751e8b465ee728b)  -> (artifact id: '8bffd8604e382ea3f53759fa24f70d9a') in 0.287248 seconds
  Import took 0.313272 seconds .

========================================================================
Received Import Request.
  Time since last request: 0.000821 seconds.
  path: Assets/Images/Animations/Die/1_enemies_1_DIE_007.png
  artifactKey: Guid(9f4f0d4ff25122540a9e96f09de3ac46) Importer(815301076,1909f56bfc062723c751e8b465ee728b)
Start importing Assets/Images/Animations/Die/1_enemies_1_DIE_007.png using Guid(9f4f0d4ff25122540a9e96f09de3ac46) Importer(815301076,1909f56bfc062723c751e8b465ee728b)  -> (artifact id: '065dcbde7b12acf7bd76a6a5e6745e2b') in 0.122508 seconds
  Import took 0.146985 seconds .

========================================================================
Received Import Request.
  Time since last request: 0.000721 seconds.
  path: Assets/Images/Animations/Die/1_enemies_1_DIE_006.png
  artifactKey: Guid(716ab2b54a3ed8f469b91ba3de890eb7) Importer(815301076,1909f56bfc062723c751e8b465ee728b)
Start importing Assets/Images/Animations/Die/1_enemies_1_DIE_006.png using Guid(716ab2b54a3ed8f469b91ba3de890eb7) Importer(815301076,1909f56bfc062723c751e8b465ee728b)  -> (artifact id: '795c4aca7c50c3e98a3c32905c9ad11b') in 0.057119 seconds
  Import took 0.093317 seconds .

========================================================================
Received Import Request.
  Time since last request: 0.000611 seconds.
  path: Assets/Images/Animations/Die/1_enemies_1_DIE_009.png
  artifactKey: Guid(c9d2765c14e2c204a955c6567845c2e2) Importer(815301076,1909f56bfc062723c751e8b465ee728b)
Start importing Assets/Images/Animations/Die/1_enemies_1_DIE_009.png using Guid(c9d2765c14e2c204a955c6567845c2e2) Importer(815301076,1909f56bfc062723c751e8b465ee728b)  -> (artifact id: 'c59afe5a90399b8355caec4852fd7ba8') in 0.176419 seconds
  Import took 0.218033 seconds .

========================================================================
Received Import Request.
  Time since last request: 0.001577 seconds.
  path: Assets/Images/Animations/Die/1_enemies_1_DIE_000.png
  artifactKey: Guid(7df1658499ab2a54d85f20e9d3c305e5) Importer(815301076,1909f56bfc062723c751e8b465ee728b)
Start importing Assets/Images/Animations/Die/1_enemies_1_DIE_000.png using Guid(7df1658499ab2a54d85f20e9d3c305e5) Importer(815301076,1909f56bfc062723c751e8b465ee728b)  -> (artifact id: '8bffd8604e382ea3f53759fa24f70d9a') in 0.061769 seconds
  Import took 0.072722 seconds .

========================================================================
Received Import Request.
  Time since last request: 0.000754 seconds.
  path: Assets/Images/Animations/Die/1_enemies_1_DIE_003.png
  artifactKey: Guid(d7d6f54ceb4bde347841cd1f17c7299f) Importer(815301076,1909f56bfc062723c751e8b465ee728b)
Start importing Assets/Images/Animations/Die/1_enemies_1_DIE_003.png using Guid(d7d6f54ceb4bde347841cd1f17c7299f) Importer(815301076,1909f56bfc062723c751e8b465ee728b)  -> (artifact id: '4abf9e8f91d05ee8500fa030f4e2b2b0') in 0.111495 seconds
  Import took 0.139911 seconds .

========================================================================
Received Import Request.
  Time since last request: 0.000876 seconds.
  path: Assets/Images/Animations/Die/1_enemies_1_DIE_004.png
  artifactKey: Guid(985ca7ea29f32da4b84ed6122bcd3fd2) Importer(815301076,1909f56bfc062723c751e8b465ee728b)
Start importing Assets/Images/Animations/Die/1_enemies_1_DIE_004.png using Guid(985ca7ea29f32da4b84ed6122bcd3fd2) Importer(815301076,1909f56bfc062723c751e8b465ee728b)  -> (artifact id: 'e610c183bc7cdd386ffe62fc71a24fc6') in 0.148316 seconds
  Import took 0.159571 seconds .

========================================================================
Received Import Request.
  Time since last request: 0.000966 seconds.
  path: Assets/Images/Animations/Die/1_enemies_1_DIE_001.png
  artifactKey: Guid(bf1e61dc52ea2dc409dc07bf9b06d3e0) Importer(815301076,1909f56bfc062723c751e8b465ee728b)
Start importing Assets/Images/Animations/Die/1_enemies_1_DIE_001.png using Guid(bf1e61dc52ea2dc409dc07bf9b06d3e0) Importer(815301076,1909f56bfc062723c751e8b465ee728b)  -> (artifact id: '1bad0653f49ac12a0c96087c3832e9d6') in 0.127474 seconds
  Import took 0.174413 seconds .

========================================================================
Received Import Request.
  Time since last request: 0.001190 seconds.
  path: Assets/Images/Animations/Die/1_enemies_1_DIE_002.png
  artifactKey: Guid(54ce8b142f965dc4facb443e07b29355) Importer(815301076,1909f56bfc062723c751e8b465ee728b)
Start importing Assets/Images/Animations/Die/1_enemies_1_DIE_002.png using Guid(54ce8b142f965dc4facb443e07b29355) Importer(815301076,1909f56bfc062723c751e8b465ee728b)  -> (artifact id: '6c5165031fa4638a349c4f30822ae086') in 0.117069 seconds
  Import took 0.143389 seconds .

========================================================================
Received Prepare
Registering precompiled user dll's ...
Registered in 0.003954 seconds.
Begin MonoManager ReloadAssembly
Native extension for WindowsStandalone target not found
Refreshing native plugins compatible for Editor in 1.26 ms, found 1 plugins.
Preloading 0 native plugins for Editor in 0.00 ms.
Mono: successfully reloaded assembly
- Completed reload, in  2.839 seconds
Platform modules already initialized, skipping
Refreshing native plugins compatible for Editor in 1.42 ms, found 1 plugins.
Preloading 0 native plugins for Editor in 0.00 ms.
Unloading 1807 Unused Serialized files (Serialized files now loaded: 0)
System memory in use before: 88.2 MB.
System memory in use after: 88.2 MB.

Unloading 12 unused Assets to reduce memory usage. Loaded Objects now: 2283.
Total: 7.032200 ms (FindLiveObjects: 0.765200 ms CreateObjectMapping: 0.332000 ms MarkObjects: 5.620200 ms  DeleteObjects: 0.309200 ms)

========================================================================
Received Import Request.
  Time since last request: 275.783303 seconds.
  path: Assets/Prefabs/Enemy_Bat.controller
  artifactKey: Guid(a65e0908a0affac458c0e12a5b6f654d) Importer(815301076,1909f56bfc062723c751e8b465ee728b)
Start importing Assets/Prefabs/Enemy_Bat.controller using Guid(a65e0908a0affac458c0e12a5b6f654d) Importer(815301076,1909f56bfc062723c751e8b465ee728b)  -> (artifact id: '1d8f4369562d852b2826fdc104693680') in 0.149939 seconds
  Import took 0.171030 seconds .

========================================================================
Received Prepare
Registering precompiled user dll's ...
Registered in 0.004141 seconds.
Begin MonoManager ReloadAssembly
Native extension for WindowsStandalone target not found
Refreshing native plugins compatible for Editor in 1.36 ms, found 1 plugins.
Preloading 0 native plugins for Editor in 0.00 ms.
Mono: successfully reloaded assembly
- Completed reload, in  2.692 seconds
Platform modules already initialized, skipping
Refreshing native plugins compatible for Editor in 1.23 ms, found 1 plugins.
Preloading 0 native plugins for Editor in 0.00 ms.
Unloading 1807 Unused Serialized files (Serialized files now loaded: 0)
System memory in use before: 88.2 MB.
System memory in use after: 88.2 MB.

Unloading 12 unused Assets to reduce memory usage. Loaded Objects now: 2287.
Total: 6.215100 ms (FindLiveObjects: 0.654200 ms CreateObjectMapping: 0.228100 ms MarkObjects: 5.015100 ms  DeleteObjects: 0.312500 ms)

========================================================================
Received Prepare
Registering precompiled user dll's ...
Registered in 0.004545 seconds.
Begin MonoManager ReloadAssembly
Native extension for WindowsStandalone target not found
Refreshing native plugins compatible for Editor in 1.26 ms, found 1 plugins.
Preloading 0 native plugins for Editor in 0.00 ms.
Mono: successfully reloaded assembly
- Completed reload, in  2.821 seconds
Platform modules already initialized, skipping
Refreshing native plugins compatible for Editor in 1.26 ms, found 1 plugins.
Preloading 0 native plugins for Editor in 0.00 ms.
Unloading 1807 Unused Serialized files (Serialized files now loaded: 0)
System memory in use before: 88.2 MB.
System memory in use after: 88.2 MB.

Unloading 12 unused Assets to reduce memory usage. Loaded Objects now: 2291.
Total: 6.547900 ms (FindLiveObjects: 0.688500 ms CreateObjectMapping: 0.252300 ms MarkObjects: 5.243100 ms  DeleteObjects: 0.358500 ms)

========================================================================
Received Prepare
Registering precompiled user dll's ...
Registered in 0.004008 seconds.
Begin MonoManager ReloadAssembly
Native extension for WindowsStandalone target not found
Refreshing native plugins compatible for Editor in 1.31 ms, found 1 plugins.
Preloading 0 native plugins for Editor in 0.00 ms.
Mono: successfully reloaded assembly
- Completed reload, in  2.750 seconds
Platform modules already initialized, skipping
Refreshing native plugins compatible for Editor in 1.33 ms, found 1 plugins.
Preloading 0 native plugins for Editor in 0.00 ms.
Unloading 1807 Unused Serialized files (Serialized files now loaded: 0)
System memory in use before: 88.2 MB.
System memory in use after: 88.2 MB.

Unloading 12 unused Assets to reduce memory usage. Loaded Objects now: 2295.
Total: 6.553700 ms (FindLiveObjects: 0.757400 ms CreateObjectMapping: 0.295500 ms MarkObjects: 5.169300 ms  DeleteObjects: 0.326500 ms)

========================================================================
Received Prepare
Registering precompiled user dll's ...
Registered in 0.004196 seconds.
Begin MonoManager ReloadAssembly
Native extension for WindowsStandalone target not found
Refreshing native plugins compatible for Editor in 1.23 ms, found 1 plugins.
Preloading 0 native plugins for Editor in 0.00 ms.
Mono: successfully reloaded assembly
- Completed reload, in  2.815 seconds
Platform modules already initialized, skipping
Refreshing native plugins compatible for Editor in 1.36 ms, found 1 plugins.
Preloading 0 native plugins for Editor in 0.00 ms.
Unloading 1807 Unused Serialized files (Serialized files now loaded: 0)
System memory in use before: 88.2 MB.
System memory in use after: 88.2 MB.

Unloading 12 unused Assets to reduce memory usage. Loaded Objects now: 2299.
Total: 6.403400 ms (FindLiveObjects: 0.715100 ms CreateObjectMapping: 0.368200 ms MarkObjects: 4.999000 ms  DeleteObjects: 0.315200 ms)

========================================================================
Received Prepare
Registering precompiled user dll's ...
Registered in 0.004084 seconds.
Begin MonoManager ReloadAssembly
Native extension for WindowsStandalone target not found
Refreshing native plugins compatible for Editor in 1.22 ms, found 1 plugins.
Preloading 0 native plugins for Editor in 0.00 ms.
Mono: successfully reloaded assembly
- Completed reload, in  2.805 seconds
Platform modules already initialized, skipping
Refreshing native plugins compatible for Editor in 1.25 ms, found 1 plugins.
Preloading 0 native plugins for Editor in 0.00 ms.
Unloading 1807 Unused Serialized files (Serialized files now loaded: 0)
System memory in use before: 88.2 MB.
System memory in use after: 88.2 MB.

Unloading 12 unused Assets to reduce memory usage. Loaded Objects now: 2303.
Total: 6.614400 ms (FindLiveObjects: 0.767500 ms CreateObjectMapping: 0.194100 ms MarkObjects: 5.329200 ms  DeleteObjects: 0.319000 ms)

========================================================================
Received Prepare
Registering precompiled user dll's ...
Registered in 0.005301 seconds.
Begin MonoManager ReloadAssembly
Native extension for WindowsStandalone target not found
Refreshing native plugins compatible for Editor in 2.06 ms, found 1 plugins.
Preloading 0 native plugins for Editor in 0.00 ms.
Mono: successfully reloaded assembly
- Completed reload, in  4.315 seconds
Platform modules already initialized, skipping
Refreshing native plugins compatible for Editor in 1.26 ms, found 1 plugins.
Preloading 0 native plugins for Editor in 0.00 ms.
Unloading 1807 Unused Serialized files (Serialized files now loaded: 0)
System memory in use before: 88.2 MB.
System memory in use after: 88.2 MB.

Unloading 12 unused Assets to reduce memory usage. Loaded Objects now: 2307.
Total: 7.149500 ms (FindLiveObjects: 0.796500 ms CreateObjectMapping: 0.254400 ms MarkObjects: 5.741100 ms  DeleteObjects: 0.351700 ms)

========================================================================
Received Import Request.
  Time since last request: 2761.645480 seconds.
  path: Assets/Prefabs/Enemy_Bat.controller
  artifactKey: Guid(a65e0908a0affac458c0e12a5b6f654d) Importer(815301076,1909f56bfc062723c751e8b465ee728b)
Start importing Assets/Prefabs/Enemy_Bat.controller using Guid(a65e0908a0affac458c0e12a5b6f654d) Importer(815301076,1909f56bfc062723c751e8b465ee728b)  -> (artifact id: '6780d906bfe975c58c1fd6213f88e050') in 0.071126 seconds
  Import took 0.180288 seconds .

========================================================================
Received Prepare
Registering precompiled user dll's ...
Registered in 0.006846 seconds.
Begin MonoManager ReloadAssembly
Native extension for WindowsStandalone target not found
Refreshing native plugins compatible for Editor in 1.23 ms, found 1 plugins.
Preloading 0 native plugins for Editor in 0.00 ms.
Mono: successfully reloaded assembly
- Completed reload, in  2.938 seconds
Platform modules already initialized, skipping
Refreshing native plugins compatible for Editor in 1.24 ms, found 1 plugins.
Preloading 0 native plugins for Editor in 0.00 ms.
Unloading 1807 Unused Serialized files (Serialized files now loaded: 0)
System memory in use before: 88.2 MB.
System memory in use after: 88.2 MB.

Unloading 12 unused Assets to reduce memory usage. Loaded Objects now: 2311.
Total: 6.660300 ms (FindLiveObjects: 0.809700 ms CreateObjectMapping: 0.190500 ms MarkObjects: 5.327400 ms  DeleteObjects: 0.327400 ms)

========================================================================
Received Prepare
Registering precompiled user dll's ...
Registered in 0.006571 seconds.
Begin MonoManager ReloadAssembly
Native extension for WindowsStandalone target not found
Refreshing native plugins compatible for Editor in 1.27 ms, found 1 plugins.
Preloading 0 native plugins for Editor in 0.00 ms.
Mono: successfully reloaded assembly
- Completed reload, in  2.818 seconds
Platform modules already initialized, skipping
Refreshing native plugins compatible for Editor in 1.25 ms, found 1 plugins.
Preloading 0 native plugins for Editor in 0.00 ms.
Unloading 1807 Unused Serialized files (Serialized files now loaded: 0)
System memory in use before: 88.3 MB.
System memory in use after: 88.2 MB.

Unloading 12 unused Assets to reduce memory usage. Loaded Objects now: 2315.
Total: 7.278200 ms (FindLiveObjects: 0.788700 ms CreateObjectMapping: 0.404700 ms MarkObjects: 5.751000 ms  DeleteObjects: 0.327800 ms)

========================================================================
Received Prepare
Registering precompiled user dll's ...
Registered in 0.005528 seconds.
Begin MonoManager ReloadAssembly
Native extension for WindowsStandalone target not found
Refreshing native plugins compatible for Editor in 1.26 ms, found 1 plugins.
Preloading 0 native plugins for Editor in 0.00 ms.
Mono: successfully reloaded assembly
- Completed reload, in  2.850 seconds
Platform modules already initialized, skipping
Refreshing native plugins compatible for Editor in 1.25 ms, found 1 plugins.
Preloading 0 native plugins for Editor in 0.00 ms.
Unloading 1807 Unused Serialized files (Serialized files now loaded: 0)
System memory in use before: 88.3 MB.
System memory in use after: 88.2 MB.

Unloading 12 unused Assets to reduce memory usage. Loaded Objects now: 2319.
Total: 6.788600 ms (FindLiveObjects: 0.815800 ms CreateObjectMapping: 0.373300 ms MarkObjects: 5.226800 ms  DeleteObjects: 0.367800 ms)

========================================================================
Received Prepare
Registering precompiled user dll's ...
Registered in 0.004475 seconds.
Begin MonoManager ReloadAssembly
Native extension for WindowsStandalone target not found
Refreshing native plugins compatible for Editor in 1.31 ms, found 1 plugins.
Preloading 0 native plugins for Editor in 0.00 ms.
Mono: successfully reloaded assembly
- Completed reload, in  2.876 seconds
Platform modules already initialized, skipping
Refreshing native plugins compatible for Editor in 1.25 ms, found 1 plugins.
Preloading 0 native plugins for Editor in 0.00 ms.
Unloading 1807 Unused Serialized files (Serialized files now loaded: 0)
System memory in use before: 88.3 MB.
System memory in use after: 88.2 MB.

Unloading 12 unused Assets to reduce memory usage. Loaded Objects now: 2323.
Total: 6.286700 ms (FindLiveObjects: 0.697200 ms CreateObjectMapping: 0.266500 ms MarkObjects: 5.000200 ms  DeleteObjects: 0.318700 ms)

========================================================================
Received Prepare
Registering precompiled user dll's ...
Registered in 0.004401 seconds.
Begin MonoManager ReloadAssembly
Native extension for WindowsStandalone target not found
Refreshing native plugins compatible for Editor in 1.20 ms, found 1 plugins.
Preloading 0 native plugins for Editor in 0.00 ms.
Mono: successfully reloaded assembly
- Completed reload, in  2.862 seconds
Platform modules already initialized, skipping
Refreshing native plugins compatible for Editor in 1.25 ms, found 1 plugins.
Preloading 0 native plugins for Editor in 0.00 ms.
Unloading 1807 Unused Serialized files (Serialized files now loaded: 0)
System memory in use before: 88.3 MB.
System memory in use after: 88.2 MB.

Unloading 12 unused Assets to reduce memory usage. Loaded Objects now: 2327.
Total: 6.582800 ms (FindLiveObjects: 0.684800 ms CreateObjectMapping: 0.464900 ms MarkObjects: 5.104400 ms  DeleteObjects: 0.323500 ms)

========================================================================
Received Prepare
Registering precompiled user dll's ...
Registered in 0.004152 seconds.
Begin MonoManager ReloadAssembly
Native extension for WindowsStandalone target not found
Refreshing native plugins compatible for Editor in 1.27 ms, found 1 plugins.
Preloading 0 native plugins for Editor in 0.00 ms.
Mono: successfully reloaded assembly
- Completed reload, in  2.849 seconds
Platform modules already initialized, skipping
Refreshing native plugins compatible for Editor in 1.25 ms, found 1 plugins.
Preloading 0 native plugins for Editor in 0.00 ms.
Unloading 1807 Unused Serialized files (Serialized files now loaded: 0)
System memory in use before: 88.3 MB.
System memory in use after: 88.3 MB.

Unloading 12 unused Assets to reduce memory usage. Loaded Objects now: 2331.
Total: 6.325300 ms (FindLiveObjects: 0.687500 ms CreateObjectMapping: 0.257400 ms MarkObjects: 5.019000 ms  DeleteObjects: 0.355700 ms)

========================================================================
Received Import Request.
  Time since last request: 669.134393 seconds.
  path: Assets/Prefabs/New Animation.anim
  artifactKey: Guid(79d865747291579448d4a38e8be7dd35) Importer(815301076,1909f56bfc062723c751e8b465ee728b)
Start importing Assets/Prefabs/New Animation.anim using Guid(79d865747291579448d4a38e8be7dd35) Importer(815301076,1909f56bfc062723c751e8b465ee728b)  -> (artifact id: 'fe79a8673289bda34a6aa96d8c7ead30') in 0.063464 seconds
  Import took 0.085344 seconds .

========================================================================
Received Import Request.
  Time since last request: 0.095740 seconds.
  path: Assets/Prefabs/New Animation.anim
  artifactKey: Guid(79d865747291579448d4a38e8be7dd35) Importer(815301076,1909f56bfc062723c751e8b465ee728b)
Start importing Assets/Prefabs/New Animation.anim using Guid(79d865747291579448d4a38e8be7dd35) Importer(815301076,1909f56bfc062723c751e8b465ee728b)  -> (artifact id: 'fe79a8673289bda34a6aa96d8c7ead30') in 0.026626 seconds
  Import took 0.033241 seconds .

========================================================================
Received Prepare
Registering precompiled user dll's ...
Registered in 0.005310 seconds.
Begin MonoManager ReloadAssembly
Native extension for WindowsStandalone target not found
Refreshing native plugins compatible for Editor in 2.01 ms, found 1 plugins.
Preloading 0 native plugins for Editor in 0.00 ms.
Mono: successfully reloaded assembly
- Completed reload, in  4.175 seconds
Platform modules already initialized, skipping
Refreshing native plugins compatible for Editor in 1.31 ms, found 1 plugins.
Preloading 0 native plugins for Editor in 0.00 ms.
Unloading 1807 Unused Serialized files (Serialized files now loaded: 0)
System memory in use before: 88.3 MB.
System memory in use after: 88.3 MB.

Unloading 12 unused Assets to reduce memory usage. Loaded Objects now: 2335.
Total: 6.670200 ms (FindLiveObjects: 0.710800 ms CreateObjectMapping: 0.270300 ms MarkObjects: 5.320200 ms  DeleteObjects: 0.363500 ms)

========================================================================
Received Prepare
Registering precompiled user dll's ...
Registered in 0.004705 seconds.
Begin MonoManager ReloadAssembly
Native extension for WindowsStandalone target not found
Refreshing native plugins compatible for Editor in 1.30 ms, found 1 plugins.
Preloading 0 native plugins for Editor in 0.00 ms.
Mono: successfully reloaded assembly
- Completed reload, in  3.074 seconds
Platform modules already initialized, skipping
Refreshing native plugins compatible for Editor in 1.23 ms, found 1 plugins.
Preloading 0 native plugins for Editor in 0.00 ms.
Unloading 1807 Unused Serialized files (Serialized files now loaded: 0)
System memory in use before: 88.3 MB.
System memory in use after: 88.3 MB.

Unloading 12 unused Assets to reduce memory usage. Loaded Objects now: 2339.
Total: 7.190700 ms (FindLiveObjects: 0.750000 ms CreateObjectMapping: 0.225600 ms MarkObjects: 5.866100 ms  DeleteObjects: 0.343900 ms)

========================================================================
Received Prepare
Registering precompiled user dll's ...
Registered in 0.004994 seconds.
Begin MonoManager ReloadAssembly
Native extension for WindowsStandalone target not found
Refreshing native plugins compatible for Editor in 1.31 ms, found 1 plugins.
Preloading 0 native plugins for Editor in 0.00 ms.
Mono: successfully reloaded assembly
- Completed reload, in  2.745 seconds
Platform modules already initialized, skipping
Refreshing native plugins compatible for Editor in 1.23 ms, found 1 plugins.
Preloading 0 native plugins for Editor in 0.00 ms.
Unloading 1807 Unused Serialized files (Serialized files now loaded: 0)
System memory in use before: 88.3 MB.
System memory in use after: 88.3 MB.

Unloading 12 unused Assets to reduce memory usage. Loaded Objects now: 2343.
Total: 6.482500 ms (FindLiveObjects: 0.849300 ms CreateObjectMapping: 0.195300 ms MarkObjects: 5.089700 ms  DeleteObjects: 0.343500 ms)

========================================================================
Received Prepare
Registering precompiled user dll's ...
Registered in 0.004929 seconds.
Begin MonoManager ReloadAssembly
Native extension for WindowsStandalone target not found
Refreshing native plugins compatible for Editor in 1.27 ms, found 1 plugins.
Preloading 0 native plugins for Editor in 0.00 ms.
Mono: successfully reloaded assembly
- Completed reload, in  3.074 seconds
Platform modules already initialized, skipping
Refreshing native plugins compatible for Editor in 1.25 ms, found 1 plugins.
Preloading 0 native plugins for Editor in 0.00 ms.
Unloading 1807 Unused Serialized files (Serialized files now loaded: 0)
System memory in use before: 88.3 MB.
System memory in use after: 88.3 MB.

Unloading 12 unused Assets to reduce memory usage. Loaded Objects now: 2347.
Total: 6.792700 ms (FindLiveObjects: 0.695600 ms CreateObjectMapping: 0.259800 ms MarkObjects: 5.475800 ms  DeleteObjects: 0.356600 ms)

========================================================================
Received Import Request.
  Time since last request: 598.951524 seconds.
  path: Assets/Images/heart.png
  artifactKey: Guid(97d30c652d5a5e644a23a8cb17b13de6) Importer(815301076,1909f56bfc062723c751e8b465ee728b)
Start importing Assets/Images/heart.png using Guid(97d30c652d5a5e644a23a8cb17b13de6) Importer(815301076,1909f56bfc062723c751e8b465ee728b)  -> (artifact id: 'ecbed51b195370b16946f33bcec79a99') in 0.184517 seconds
  Import took 0.206148 seconds .

========================================================================
Received Import Request.
  Time since last request: 0.050856 seconds.
  path: Assets/Images/heart.png
  artifactKey: Guid(97d30c652d5a5e644a23a8cb17b13de6) Importer(815301076,1909f56bfc062723c751e8b465ee728b)
Start importing Assets/Images/heart.png using Guid(97d30c652d5a5e644a23a8cb17b13de6) Importer(815301076,1909f56bfc062723c751e8b465ee728b)  -> (artifact id: 'ecbed51b195370b16946f33bcec79a99') in 0.035902 seconds
  Import took 0.045055 seconds .

========================================================================
Received Prepare
Registering precompiled user dll's ...
Registered in 0.004424 seconds.
Begin MonoManager ReloadAssembly
Native extension for WindowsStandalone target not found
Refreshing native plugins compatible for Editor in 1.30 ms, found 1 plugins.
Preloading 0 native plugins for Editor in 0.00 ms.
Mono: successfully reloaded assembly
- Completed reload, in  2.930 seconds
Platform modules already initialized, skipping
Refreshing native plugins compatible for Editor in 1.28 ms, found 1 plugins.
Preloading 0 native plugins for Editor in 0.00 ms.
Unloading 1807 Unused Serialized files (Serialized files now loaded: 0)
System memory in use before: 88.3 MB.
System memory in use after: 88.3 MB.

Unloading 12 unused Assets to reduce memory usage. Loaded Objects now: 2354.
Total: 6.525500 ms (FindLiveObjects: 0.668000 ms CreateObjectMapping: 0.231200 ms MarkObjects: 5.292800 ms  DeleteObjects: 0.328200 ms)

========================================================================
Received Prepare
Registering precompiled user dll's ...
Registered in 0.004363 seconds.
Begin MonoManager ReloadAssembly
Native extension for WindowsStandalone target not found
Refreshing native plugins compatible for Editor in 1.26 ms, found 1 plugins.
Preloading 0 native plugins for Editor in 0.00 ms.
Mono: successfully reloaded assembly
- Completed reload, in  2.928 seconds
Platform modules already initialized, skipping
Refreshing native plugins compatible for Editor in 1.26 ms, found 1 plugins.
Preloading 0 native plugins for Editor in 0.00 ms.
Unloading 1807 Unused Serialized files (Serialized files now loaded: 0)
System memory in use before: 88.4 MB.
System memory in use after: 88.3 MB.

Unloading 12 unused Assets to reduce memory usage. Loaded Objects now: 2358.
Total: 6.998500 ms (FindLiveObjects: 0.953900 ms CreateObjectMapping: 0.471800 ms MarkObjects: 5.240000 ms  DeleteObjects: 0.327600 ms)

========================================================================
Received Prepare
Registering precompiled user dll's ...
Registered in 0.004278 seconds.
Begin MonoManager ReloadAssembly
Native extension for WindowsStandalone target not found
Refreshing native plugins compatible for Editor in 1.28 ms, found 1 plugins.
Preloading 0 native plugins for Editor in 0.00 ms.
Mono: successfully reloaded assembly
- Completed reload, in  2.968 seconds
Platform modules already initialized, skipping
Refreshing native plugins compatible for Editor in 1.28 ms, found 1 plugins.
Preloading 0 native plugins for Editor in 0.00 ms.
Unloading 1807 Unused Serialized files (Serialized files now loaded: 0)
System memory in use before: 88.4 MB.
System memory in use after: 88.3 MB.

Unloading 12 unused Assets to reduce memory usage. Loaded Objects now: 2362.
Total: 6.953000 ms (FindLiveObjects: 0.933600 ms CreateObjectMapping: 0.272700 ms MarkObjects: 5.400900 ms  DeleteObjects: 0.341000 ms)

AssetImportWorkerClient::OnTransportError - code=2 error=End of file
