Using pre-set license
Built from '2020.3/staging' branch; Version is '2020.3.4f1 (0abb6314276a) revision 703331'; Using compiler version '192528614'; Build Type 'Release'
OS: 'Windows 10 Home Single Language; OS build 19042.1348; Version 2009; 64bit' Language: 'ru' Physical Memory: 3959 MB
BatchMode: 1, IsHumanControllingUs: 0, StartBugReporterOnCrash: 0, Is64bit: 1, IsPro: 0

 COMMAND LINE ARGUMENTS:
C:\Program Files\Unity\Editor\Unity.exe
-adb2
-batchMode
-noUpm
-name
AssetImportWorker0
-projectPath
C:/Users/bakla/Documents/Воскресенье/Отступники/Влад/TowerDefenceGame
-logFile
Logs/AssetImportWorker0.log
-srvPort
51574
Successfully changed project path to: C:/Users/bakla/Documents/Воскресенье/Отступники/Влад/TowerDefenceGame
C:/Users/bakla/Documents/Воскресенье/Отступники/Влад/TowerDefenceGame
Using Asset Import Pipeline V2.
Refreshing native plugins compatible for Editor in 126.02 ms, found 1 plugins.
Preloading 0 native plugins for Editor in 0.00 ms.
Initialize engine version: 2020.3.4f1 (0abb6314276a)
[Subsystems] Discovering subsystems at path C:/Program Files/Unity/Editor/Data/Resources/UnitySubsystems
[Subsystems] Discovering subsystems at path C:/Users/bakla/Documents/Воскресенье/Отступники/Влад/TowerDefenceGame/Assets
GfxDevice: creating device client; threaded=0
Direct3D:
    Version:  Direct3D 11.0 [level 11.1]
    Renderer: Intel(R) HD Graphics 505 (ID=0x5a84)
    Vendor:   
    VRAM:     1979 MB
    Driver:   27.20.100.8682
Initialize mono
Mono path[0] = 'C:/Program Files/Unity/Editor/Data/Managed'
Mono path[1] = 'C:/Program Files/Unity/Editor/Data/MonoBleedingEdge/lib/mono/unityjit'
Mono config path = 'C:/Program Files/Unity/Editor/Data/MonoBleedingEdge/etc'
Using monoOptions --debugger-agent=transport=dt_socket,embedding=1,server=y,suspend=n,address=127.0.0.1:56560
Begin MonoManager ReloadAssembly
Registering precompiled unity dll's ...
Register platform support module: C:/Program Files/Unity/Editor/Data/PlaybackEngines/WindowsStandaloneSupport/UnityEditor.WindowsStandalone.Extensions.dll
Registered in 0.008136 seconds.
Native extension for WindowsStandalone target not found
Refreshing native plugins compatible for Editor in 118.43 ms, found 1 plugins.
Preloading 0 native plugins for Editor in 0.00 ms.
Mono: successfully reloaded assembly
- Completed reload, in  5.297 seconds
Platform modules already initialized, skipping
Registering precompiled user dll's ...
Registered in 0.004858 seconds.
Begin MonoManager ReloadAssembly
Native extension for WindowsStandalone target not found
Refreshing native plugins compatible for Editor in 117.96 ms, found 1 plugins.
Preloading 0 native plugins for Editor in 0.00 ms.
Mono: successfully reloaded assembly
- Completed reload, in  3.147 seconds
Platform modules already initialized, skipping
========================================================================
Worker process is ready to serve import requests
Launched and connected shader compiler UnityShaderCompiler.exe after 0.38 seconds
Refreshing native plugins compatible for Editor in 1.58 ms, found 1 plugins.
Preloading 0 native plugins for Editor in 0.00 ms.
Unloading 1817 Unused Serialized files (Serialized files now loaded: 0)
System memory in use before: 85.6 MB.
System memory in use after: 85.7 MB.

Unloading 19 unused Assets to reduce memory usage. Loaded Objects now: 2266.
Total: 7.556800 ms (FindLiveObjects: 1.147000 ms CreateObjectMapping: 0.568000 ms MarkObjects: 5.616600 ms  DeleteObjects: 0.209600 ms)

========================================================================
Received Import Request.
  path: Assets/Images/Towers/Mage/5.png
  artifactKey: Guid(e30b44da409eff24d8774889a8794c3f) Importer(815301076,1909f56bfc062723c751e8b465ee728b)
Start importing Assets/Images/Towers/Mage/5.png using Guid(e30b44da409eff24d8774889a8794c3f) Importer(815301076,1909f56bfc062723c751e8b465ee728b)  -> (artifact id: 'a4f1dd5ff264665a7f3e7d40746dee74') in 0.779082 seconds
  Import took 0.816321 seconds .

========================================================================
Received Import Request.
  Time since last request: 0.001849 seconds.
  path: Assets/Images/Towers/Mage
  artifactKey: Guid(4081037abab63d24e87e3a0d2fbd5cdc) Importer(815301076,1909f56bfc062723c751e8b465ee728b)
Start importing Assets/Images/Towers/Mage using Guid(4081037abab63d24e87e3a0d2fbd5cdc) Importer(815301076,1909f56bfc062723c751e8b465ee728b)  -> (artifact id: '43e369604cb0bba558f69250d235028b') in 0.028154 seconds
  Import took 0.043157 seconds .

========================================================================
Received Import Request.
  Time since last request: 0.000662 seconds.
  path: Assets/Images/Towers/Mage/21.png
  artifactKey: Guid(a538681eeaf7b9e40ae42672086bfe98) Importer(815301076,1909f56bfc062723c751e8b465ee728b)
Start importing Assets/Images/Towers/Mage/21.png using Guid(a538681eeaf7b9e40ae42672086bfe98) Importer(815301076,1909f56bfc062723c751e8b465ee728b)  -> (artifact id: 'f588434bb3cd3eee622fd1cc6b44abcd') in 0.059488 seconds
  Import took 0.075633 seconds .

========================================================================
Received Import Request.
  Time since last request: 0.000850 seconds.
  path: Assets/Images/Towers/Mage/7.png
  artifactKey: Guid(33b1e9e5854f4834fb6f45edbbdbe779) Importer(815301076,1909f56bfc062723c751e8b465ee728b)
Start importing Assets/Images/Towers/Mage/7.png using Guid(33b1e9e5854f4834fb6f45edbbdbe779) Importer(815301076,1909f56bfc062723c751e8b465ee728b)  -> (artifact id: 'abb1af52afa6671b7be67ce13bfe54c4') in 0.074692 seconds
  Import took 0.096771 seconds .

========================================================================
Received Prepare
Refreshing native plugins compatible for Editor in 9.83 ms, found 1 plugins.
Preloading 0 native plugins for Editor in 0.00 ms.
Unloading 5 Unused Serialized files (Serialized files now loaded: 0)
System memory in use before: 51.9 MB.
System memory in use after: 52.1 MB.

Unloading 5 unused Assets to reduce memory usage. Loaded Objects now: 2276.
Total: 7.458700 ms (FindLiveObjects: 0.960100 ms CreateObjectMapping: 0.415000 ms MarkObjects: 5.999600 ms  DeleteObjects: 0.076900 ms)

========================================================================
Received Import Request.
  Time since last request: 158.408158 seconds.
  path: Assets/Images/Towers
  artifactKey: Guid(548f43ed91f79ad419d3981e7d4fd53d) Importer(815301076,1909f56bfc062723c751e8b465ee728b)
Start importing Assets/Images/Towers using Guid(548f43ed91f79ad419d3981e7d4fd53d) Importer(815301076,1909f56bfc062723c751e8b465ee728b)  -> (artifact id: '55df604313195e0a5fc8bc1cc849fe3f') in 0.046322 seconds
  Import took 0.064140 seconds .

========================================================================
Received Prepare
Registering precompiled user dll's ...
Registered in 0.004134 seconds.
Begin MonoManager ReloadAssembly
Native extension for WindowsStandalone target not found
Refreshing native plugins compatible for Editor in 1.24 ms, found 1 plugins.
Preloading 0 native plugins for Editor in 0.00 ms.
Mono: successfully reloaded assembly
- Completed reload, in  3.029 seconds
Platform modules already initialized, skipping
Refreshing native plugins compatible for Editor in 1.24 ms, found 1 plugins.
Preloading 0 native plugins for Editor in 0.00 ms.
Unloading 1807 Unused Serialized files (Serialized files now loaded: 0)
System memory in use before: 88.2 MB.
System memory in use after: 88.3 MB.

Unloading 7 unused Assets to reduce memory usage. Loaded Objects now: 2280.
Total: 6.157800 ms (FindLiveObjects: 0.723700 ms CreateObjectMapping: 0.219400 ms MarkObjects: 5.132900 ms  DeleteObjects: 0.076700 ms)

========================================================================
Received Prepare
Refreshing native plugins compatible for Editor in 8.42 ms, found 1 plugins.
Preloading 0 native plugins for Editor in 0.00 ms.
Unloading 5 Unused Serialized files (Serialized files now loaded: 0)
System memory in use before: 51.9 MB.
System memory in use after: 52.0 MB.

Unloading 5 unused Assets to reduce memory usage. Loaded Objects now: 2280.
Total: 7.185300 ms (FindLiveObjects: 1.716500 ms CreateObjectMapping: 0.468300 ms MarkObjects: 4.920300 ms  DeleteObjects: 0.073400 ms)

========================================================================
Received Import Request.
  Time since last request: 1405.017278 seconds.
  path: Assets/Images
  artifactKey: Guid(556e77487ec4ba242bda39b1c177b159) Importer(815301076,1909f56bfc062723c751e8b465ee728b)
Start importing Assets/Images using Guid(556e77487ec4ba242bda39b1c177b159) Importer(815301076,1909f56bfc062723c751e8b465ee728b)  -> (artifact id: 'ff5f4407a8f2e0a316c47f88a139922c') in 0.030843 seconds
  Import took 0.058402 seconds .

========================================================================
Received Import Request.
  Time since last request: 13.149408 seconds.
  path: Assets/Images/MainScene
  artifactKey: Guid(03193db08fc3f4f4599c18819a1a1c48) Importer(815301076,1909f56bfc062723c751e8b465ee728b)
Start importing Assets/Images/MainScene using Guid(03193db08fc3f4f4599c18819a1a1c48) Importer(815301076,1909f56bfc062723c751e8b465ee728b)  -> (artifact id: '5959e886f9c9d6c7a72395a9850cde4e') in 0.027721 seconds
  Import took 0.043390 seconds .

========================================================================
Received Import Request.
  Time since last request: 28.000335 seconds.
  path: Assets/Images/MainScene/bg.png
  artifactKey: Guid(2b34886dfb97c9f4b89cd619e1820728) Importer(815301076,1909f56bfc062723c751e8b465ee728b)
Start importing Assets/Images/MainScene/bg.png using Guid(2b34886dfb97c9f4b89cd619e1820728) Importer(815301076,1909f56bfc062723c751e8b465ee728b)  -> (artifact id: '6beea5e8a26738b20cd74381207fa854') in 0.245745 seconds
  Import took 0.282605 seconds .

========================================================================
Received Import Request.
  Time since last request: 2651.257900 seconds.
  path: Assets/Images/MainScene/button_play.png
  artifactKey: Guid(44a54dc614dabd44998b1ff02669d1d5) Importer(815301076,1909f56bfc062723c751e8b465ee728b)
Start importing Assets/Images/MainScene/button_play.png using Guid(44a54dc614dabd44998b1ff02669d1d5) Importer(815301076,1909f56bfc062723c751e8b465ee728b)  -> (artifact id: '1cd5a7c261a1885f64df0939392783ed') in 0.150724 seconds
  Import took 0.210147 seconds .

========================================================================
Received Import Request.
  Time since last request: 440.013404 seconds.
  path: Assets/Scripts
  artifactKey: Guid(57afafb1755352a4583df6bb73e21354) Importer(815301076,1909f56bfc062723c751e8b465ee728b)
Start importing Assets/Scripts using Guid(57afafb1755352a4583df6bb73e21354) Importer(815301076,1909f56bfc062723c751e8b465ee728b)  -> (artifact id: 'e65d40996c2489defff531af2d905400') in 0.147947 seconds
  Import took 0.185671 seconds .

========================================================================
Received Import Request.
  Time since last request: 11.681924 seconds.
  path: Assets/Scripts/MainScene.cs
  artifactKey: Guid(3e7f75ff275d7d546aae31c542965607) Importer(815301076,1909f56bfc062723c751e8b465ee728b)
Start importing Assets/Scripts/MainScene.cs using Guid(3e7f75ff275d7d546aae31c542965607) Importer(815301076,1909f56bfc062723c751e8b465ee728b)  -> (artifact id: 'f5fa64e7041b8c58033fe3d8f4330dd8') in 0.264834 seconds
  Import took 0.275723 seconds .

========================================================================
Received Prepare
Registering precompiled user dll's ...
Registered in 0.087512 seconds.
Begin MonoManager ReloadAssembly
Native extension for WindowsStandalone target not found
Refreshing native plugins compatible for Editor in 1.24 ms, found 1 plugins.
Preloading 0 native plugins for Editor in 0.00 ms.
Mono: successfully reloaded assembly
- Completed reload, in  2.802 seconds
Platform modules already initialized, skipping
Refreshing native plugins compatible for Editor in 1.28 ms, found 1 plugins.
Preloading 0 native plugins for Editor in 0.00 ms.
Unloading 1808 Unused Serialized files (Serialized files now loaded: 0)
System memory in use before: 88.2 MB.
System memory in use after: 88.3 MB.

Unloading 7 unused Assets to reduce memory usage. Loaded Objects now: 2290.
Total: 9.888000 ms (FindLiveObjects: 1.358100 ms CreateObjectMapping: 3.007100 ms MarkObjects: 5.448700 ms  DeleteObjects: 0.067500 ms)

========================================================================
Received Import Request.
  Time since last request: 52.652894 seconds.
  path: Assets/Scripts/StartButton.cs
  artifactKey: Guid(c279327ad93d4c541ab80b25b5d7e9d9) Importer(815301076,1909f56bfc062723c751e8b465ee728b)
Start importing Assets/Scripts/StartButton.cs using Guid(c279327ad93d4c541ab80b25b5d7e9d9) Importer(815301076,1909f56bfc062723c751e8b465ee728b)  -> (artifact id: 'b5307b97404522f5433ec84d97b16cb4') in 0.129027 seconds
  Import took 0.166418 seconds .

========================================================================
Received Prepare
Registering precompiled user dll's ...
Registered in 0.004278 seconds.
Begin MonoManager ReloadAssembly
Native extension for WindowsStandalone target not found
Refreshing native plugins compatible for Editor in 1.28 ms, found 1 plugins.
Preloading 0 native plugins for Editor in 0.00 ms.
Mono: successfully reloaded assembly
- Completed reload, in  2.737 seconds
Platform modules already initialized, skipping
Refreshing native plugins compatible for Editor in 1.26 ms, found 1 plugins.
Preloading 0 native plugins for Editor in 0.00 ms.
Unloading 1809 Unused Serialized files (Serialized files now loaded: 0)
System memory in use before: 88.3 MB.
System memory in use after: 88.4 MB.

Unloading 7 unused Assets to reduce memory usage. Loaded Objects now: 2295.
Total: 6.649600 ms (FindLiveObjects: 0.771500 ms CreateObjectMapping: 0.387100 ms MarkObjects: 5.407900 ms  DeleteObjects: 0.078300 ms)

========================================================================
Received Prepare
Registering precompiled user dll's ...
Registered in 0.015828 seconds.
Begin MonoManager ReloadAssembly
Native extension for WindowsStandalone target not found
Refreshing native plugins compatible for Editor in 1.31 ms, found 1 plugins.
Preloading 0 native plugins for Editor in 0.00 ms.
Mono: successfully reloaded assembly
- Completed reload, in  2.896 seconds
Platform modules already initialized, skipping
Refreshing native plugins compatible for Editor in 1.27 ms, found 1 plugins.
Preloading 0 native plugins for Editor in 0.00 ms.
Unloading 1809 Unused Serialized files (Serialized files now loaded: 0)
System memory in use before: 88.3 MB.
System memory in use after: 88.4 MB.

Unloading 7 unused Assets to reduce memory usage. Loaded Objects now: 2299.
Total: 6.800900 ms (FindLiveObjects: 0.733500 ms CreateObjectMapping: 0.221000 ms MarkObjects: 5.783100 ms  DeleteObjects: 0.057800 ms)

========================================================================
Received Import Request.
  Time since last request: 360.677734 seconds.
  path: Assets/Scripts/StartButton.cs
  artifactKey: Guid(c279327ad93d4c541ab80b25b5d7e9d9) Importer(815301076,1909f56bfc062723c751e8b465ee728b)
Start importing Assets/Scripts/StartButton.cs using Guid(c279327ad93d4c541ab80b25b5d7e9d9) Importer(815301076,1909f56bfc062723c751e8b465ee728b)  -> (artifact id: 'a7ac9a4d2acc210c33a9c1ff2348bb2d') in 0.022006 seconds
  Import took 0.057674 seconds .

========================================================================
Received Import Request.
  Time since last request: 11.854013 seconds.
  path: Assets/Images/Enemies/Bat/Animations/Die/1_enemies_1_DIE_000.png
  artifactKey: Guid(7df1658499ab2a54d85f20e9d3c305e5) Importer(815301076,1909f56bfc062723c751e8b465ee728b)
Start importing Assets/Images/Enemies/Bat/Animations/Die/1_enemies_1_DIE_000.png using Guid(7df1658499ab2a54d85f20e9d3c305e5) Importer(815301076,1909f56bfc062723c751e8b465ee728b)  -> (artifact id: '271922d0068d9b0ce3ca2094de398882') in 0.368454 seconds
  Import took 0.534640 seconds .

========================================================================
Received Import Request.
  Time since last request: 0.000880 seconds.
  path: Assets/Images/Enemies/Bat/Animations/Die/1_enemies_1_DIE_001.png
  artifactKey: Guid(bf1e61dc52ea2dc409dc07bf9b06d3e0) Importer(815301076,1909f56bfc062723c751e8b465ee728b)
Start importing Assets/Images/Enemies/Bat/Animations/Die/1_enemies_1_DIE_001.png using Guid(bf1e61dc52ea2dc409dc07bf9b06d3e0) Importer(815301076,1909f56bfc062723c751e8b465ee728b)  -> (artifact id: 'c3fff81513553fbb7b129bf4350cf073') in 0.174497 seconds
  Import took 0.224344 seconds .

========================================================================
Received Import Request.
  Time since last request: 0.000914 seconds.
  path: Assets/Images/Enemies/Bat/Animations/Die/1_enemies_1_DIE_000.png
  artifactKey: Guid(7df1658499ab2a54d85f20e9d3c305e5) Importer(815301076,1909f56bfc062723c751e8b465ee728b)
Start importing Assets/Images/Enemies/Bat/Animations/Die/1_enemies_1_DIE_000.png using Guid(7df1658499ab2a54d85f20e9d3c305e5) Importer(815301076,1909f56bfc062723c751e8b465ee728b)  -> (artifact id: '271922d0068d9b0ce3ca2094de398882') in 0.046707 seconds
  Import took 0.090502 seconds .

========================================================================
Received Import Request.
  Time since last request: 0.000513 seconds.
  path: Assets/Images/Enemies/Bat/Animations/Die/1_enemies_1_DIE_002.png
  artifactKey: Guid(54ce8b142f965dc4facb443e07b29355) Importer(815301076,1909f56bfc062723c751e8b465ee728b)
Start importing Assets/Images/Enemies/Bat/Animations/Die/1_enemies_1_DIE_002.png using Guid(54ce8b142f965dc4facb443e07b29355) Importer(815301076,1909f56bfc062723c751e8b465ee728b)  -> (artifact id: 'c66f4ab68f514cb9c05b8a5fbec161f6') in 0.080569 seconds
  Import took 0.089538 seconds .

========================================================================
Received Import Request.
  Time since last request: 0.098261 seconds.
  path: Assets/Images/Enemies/Bat/Animations/Die/1_enemies_1_DIE_002.png
  artifactKey: Guid(54ce8b142f965dc4facb443e07b29355) Importer(815301076,1909f56bfc062723c751e8b465ee728b)
Start importing Assets/Images/Enemies/Bat/Animations/Die/1_enemies_1_DIE_002.png using Guid(54ce8b142f965dc4facb443e07b29355) Importer(815301076,1909f56bfc062723c751e8b465ee728b)  -> (artifact id: 'c66f4ab68f514cb9c05b8a5fbec161f6') in 0.049379 seconds
  Import took 0.057433 seconds .

========================================================================
Received Prepare
Registering precompiled user dll's ...
Registered in 0.017874 seconds.
Begin MonoManager ReloadAssembly
Native extension for WindowsStandalone target not found
Refreshing native plugins compatible for Editor in 1.30 ms, found 1 plugins.
Preloading 0 native plugins for Editor in 0.00 ms.
Mono: successfully reloaded assembly
- Completed reload, in  2.851 seconds
Platform modules already initialized, skipping
Refreshing native plugins compatible for Editor in 1.37 ms, found 1 plugins.
Preloading 0 native plugins for Editor in 0.00 ms.
Unloading 1809 Unused Serialized files (Serialized files now loaded: 0)
System memory in use before: 88.3 MB.
System memory in use after: 88.4 MB.

Unloading 7 unused Assets to reduce memory usage. Loaded Objects now: 2306.
Total: 6.391300 ms (FindLiveObjects: 0.740200 ms CreateObjectMapping: 0.208700 ms MarkObjects: 5.355900 ms  DeleteObjects: 0.079400 ms)

========================================================================
Received Prepare
Registering precompiled user dll's ...
Registered in 0.011813 seconds.
Begin MonoManager ReloadAssembly
Native extension for WindowsStandalone target not found
Refreshing native plugins compatible for Editor in 1.66 ms, found 1 plugins.
Preloading 0 native plugins for Editor in 0.00 ms.
Mono: successfully reloaded assembly
- Completed reload, in  5.492 seconds
Platform modules already initialized, skipping
Refreshing native plugins compatible for Editor in 1.51 ms, found 1 plugins.
Preloading 0 native plugins for Editor in 0.00 ms.
Unloading 1809 Unused Serialized files (Serialized files now loaded: 0)
System memory in use before: 88.3 MB.
System memory in use after: 88.4 MB.

Unloading 7 unused Assets to reduce memory usage. Loaded Objects now: 2310.
Total: 10.069700 ms (FindLiveObjects: 0.929600 ms CreateObjectMapping: 1.799000 ms MarkObjects: 7.229400 ms  DeleteObjects: 0.105200 ms)

========================================================================
Received Prepare
Registering precompiled user dll's ...
Registered in 0.058271 seconds.
Begin MonoManager ReloadAssembly
Native extension for WindowsStandalone target not found
Refreshing native plugins compatible for Editor in 1.36 ms, found 1 plugins.
Preloading 0 native plugins for Editor in 0.00 ms.
Mono: successfully reloaded assembly
- Completed reload, in  2.662 seconds
Platform modules already initialized, skipping
Refreshing native plugins compatible for Editor in 1.24 ms, found 1 plugins.
Preloading 0 native plugins for Editor in 0.00 ms.
Unloading 1809 Unused Serialized files (Serialized files now loaded: 0)
System memory in use before: 88.3 MB.
System memory in use after: 88.4 MB.

Unloading 7 unused Assets to reduce memory usage. Loaded Objects now: 2314.
Total: 6.315500 ms (FindLiveObjects: 0.822600 ms CreateObjectMapping: 0.376500 ms MarkObjects: 5.052800 ms  DeleteObjects: 0.058900 ms)

